#
# There is insufficient memory for the Java Runtime Environment to continue.
# Native memory allocation (mmap) failed to map 65536 bytes for Failed to commit metaspace.
# Possible reasons:
#   The system is out of physical RAM or swap space
#   The process is running with CompressedOops enabled, and the Java Heap may be blocking the growth of the native heap
# Possible solutions:
#   Reduce memory load on the system
#   Increase physical memory or swap space
#   Check if swap backing store is full
#   Decrease Java heap size (-Xmx/-Xms)
#   Decrease number of Java threads
#   Decrease Java thread stack sizes (-Xss)
#   Set larger code cache with -XX:ReservedCodeCacheSize=
#   JVM is running with Zero Based Compressed Oops mode in which the Java heap is
#     placed in the first 32GB address space. The Java Heap base address is the
#     maximum limit for the native heap growth. Please use -XX:HeapBaseMinAddress
#     to set the Java Heap base and to place the Java Heap above 32GB virtual address.
# This output file may be truncated or incomplete.
#
#  Out of Memory Error (virtualSpaceNode.cpp:110), pid=21684, tid=9464
#
# JRE version: OpenJDK Runtime Environment Corretto-17.0.8.8.1 (17.0.8.1+8) (build 17.0.8.1+8-LTS)
# Java VM: OpenJDK 64-Bit Server VM Corretto-17.0.8.8.1 (17.0.8.1+8-LTS, mixed mode, emulated-client, sharing, tiered, compressed oops, compressed class ptrs, g1 gc, windows-amd64)
# No core dump will be written. Minidumps are not enabled by default on client versions of Windows
#

---------------  S U M M A R Y ------------

Command Line: -XX:TieredStopAtLevel=1 -Dspring.output.ansi.enabled=always -Dcom.sun.management.jmxremote -Dspring.jmx.enabled=true -Dspring.liveBeansView.mbeanDomain -Dspring.application.admin.enabled=true -Dmanagement.endpoints.jmx.exposure.include=* -javaagent:C:\Program Files\JetBrains\IntelliJ IDEA 2023.2.2\lib\idea_rt.jar=49406:C:\Program Files\JetBrains\IntelliJ IDEA 2023.2.2\bin -Dfile.encoding=UTF-8 com.poly.elnr.ErrorLikeNoErrorWebsiteBanQuanAoApplication

Host: AMD Ryzen 5 5500U with Radeon Graphics         , 12 cores, 15G,  Windows 10 , 64 bit Build 19041 (10.0.19041.3570)
Time: Fri Oct 20 18:36:57 2023 SE Asia Standard Time elapsed time: 6.334276 seconds (0d 0h 0m 6s)

---------------  T H R E A D  ---------------

Current thread (0x000002834cc7a710):  JavaThread "restartedMain" [_thread_in_vm, id=9464, stack(0x000000fd94900000,0x000000fd94a00000)]

Stack: [0x000000fd94900000,0x000000fd94a00000]
Native frames: (J=compiled Java code, j=interpreted, Vv=VM code, C=native code)
V  [jvm.dll+0x64c9da]
V  [jvm.dll+0x800834]
V  [jvm.dll+0x801fee]
V  [jvm.dll+0x802643]
V  [jvm.dll+0x23715b]
V  [jvm.dll+0x7fc8fb]
V  [jvm.dll+0x5f3916]
V  [jvm.dll+0x1b61be]
V  [jvm.dll+0x5f6164]
V  [jvm.dll+0x5f42cd]
V  [jvm.dll+0x359309]
V  [jvm.dll+0x1d6a89]
V  [jvm.dll+0x51ac49]
V  [jvm.dll+0x77ec6c]
V  [jvm.dll+0x77ed54]
V  [jvm.dll+0x3f3db5]
V  [jvm.dll+0x3f9a21]
C  [java.dll+0x17ec]

Java frames: (J=compiled Java code, j=interpreted, Vv=VM code)
J 1117  java.lang.ClassLoader.defineClass1(Ljava/lang/ClassLoader;Ljava/lang/String;[BIILjava/security/ProtectionDomain;Ljava/lang/String;)Ljava/lang/Class; java.base@17.0.8.1 (0 bytes) @ 0x000002833d892e63 [0x000002833d892da0+0x00000000000000c3]
J 1284 c1 java.lang.ClassLoader.defineClass(Ljava/lang/String;[BIILjava/security/ProtectionDomain;)Ljava/lang/Class; java.base@17.0.8.1 (43 bytes) @ 0x000002833d8d60ec [0x000002833d8d5fe0+0x000000000000010c]
J 1121 c1 jdk.internal.loader.BuiltinClassLoader.defineClass(Ljava/lang/String;Ljdk/internal/loader/Resource;)Ljava/lang/Class; java.base@17.0.8.1 (121 bytes) @ 0x000002833d89b374 [0x000002833d89aea0+0x00000000000004d4]
J 1118 c1 jdk.internal.loader.BuiltinClassLoader.findClassOnClassPathOrNull(Ljava/lang/String;)Ljava/lang/Class; java.base@17.0.8.1 (64 bytes) @ 0x000002833d8989ec [0x000002833d898720+0x00000000000002cc]
J 933 c1 jdk.internal.loader.BuiltinClassLoader.loadClassOrNull(Ljava/lang/String;Z)Ljava/lang/Class; java.base@17.0.8.1 (143 bytes) @ 0x000002833d83af84 [0x000002833d83ab00+0x0000000000000484]
J 1039 c1 jdk.internal.loader.ClassLoaders$AppClassLoader.loadClass(Ljava/lang/String;Z)Ljava/lang/Class; java.base@17.0.8.1 (40 bytes) @ 0x000002833d8744ac [0x000002833d874360+0x000000000000014c]
J 1038 c1 java.lang.ClassLoader.loadClass(Ljava/lang/String;)Ljava/lang/Class; java.base@17.0.8.1 (7 bytes) @ 0x000002833d873564 [0x000002833d873520+0x0000000000000044]
v  ~StubRoutines::call_stub
j  org.hibernate.query.spi.QueryEngine.<init>(Ljava/lang/String;Ljava/lang/String;Lorg/hibernate/jpa/spi/JpaCompliance;Ljava/util/function/Supplier;Lorg/hibernate/query/criteria/ValueHandlingMode;ILorg/hibernate/query/named/NamedObjectRepository;Lorg/hibernate/query/hql/HqlTranslator;Lorg/hibernate/query/sqm/sql/SqmTranslatorFactory;Lorg/hibernate/engine/query/spi/NativeQueryInterpreter;Lorg/hibernate/query/spi/QueryInterpretationCache;Lorg/hibernate/type/spi/TypeConfiguration;Lorg/hibernate/dialect/Dialect;Lorg/hibernate/query/sqm/function/SqmFunctionRegistry;Lorg/hibernate/service/ServiceRegistry;)V+47
j  org.hibernate.query.spi.QueryEngine.from(Lorg/hibernate/engine/spi/SessionFactoryImplementor;Lorg/hibernate/boot/spi/MetadataImplementor;)Lorg/hibernate/query/spi/QueryEngine;+242
j  org.hibernate.internal.SessionFactoryImpl.<init>(Lorg/hibernate/boot/spi/MetadataImplementor;Lorg/hibernate/boot/spi/SessionFactoryOptions;)V+659
j  org.hibernate.boot.internal.SessionFactoryBuilderImpl.build()Lorg/hibernate/SessionFactory;+59
j  org.hibernate.jpa.boot.internal.EntityManagerFactoryBuilderImpl.build()Ljakarta/persistence/EntityManagerFactory;+22
j  org.springframework.orm.jpa.vendor.SpringHibernateJpaPersistenceProvider.createContainerEntityManagerFactory(Ljakarta/persistence/spi/PersistenceUnitInfo;Ljava/util/Map;)Ljakarta/persistence/EntityManagerFactory;+55
j  org.springframework.orm.jpa.LocalContainerEntityManagerFactoryBean.createNativeEntityManagerFactory()Ljakarta/persistence/EntityManagerFactory;+111
j  org.springframework.orm.jpa.AbstractEntityManagerFactoryBean.buildNativeEntityManagerFactory()Ljakarta/persistence/EntityManagerFactory;+1
j  org.springframework.orm.jpa.AbstractEntityManagerFactoryBean.afterPropertiesSet()V+192
j  org.springframework.orm.jpa.LocalContainerEntityManagerFactoryBean.afterPropertiesSet()V+77
j  org.springframework.beans.factory.support.AbstractAutowireCapableBeanFactory.invokeInitMethods(Ljava/lang/String;Ljava/lang/Object;Lorg/springframework/beans/factory/support/RootBeanDefinition;)V+56
j  org.springframework.beans.factory.support.AbstractAutowireCapableBeanFactory.initializeBean(Ljava/lang/String;Ljava/lang/Object;Lorg/springframework/beans/factory/support/RootBeanDefinition;)Ljava/lang/Object;+34
j  org.springframework.beans.factory.support.AbstractAutowireCapableBeanFactory.doCreateBean(Ljava/lang/String;Lorg/springframework/beans/factory/support/RootBeanDefinition;[Ljava/lang/Object;)Ljava/lang/Object;+228
j  org.springframework.beans.factory.support.AbstractAutowireCapableBeanFactory.createBean(Ljava/lang/String;Lorg/springframework/beans/factory/support/RootBeanDefinition;[Ljava/lang/Object;)Ljava/lang/Object;+153
j  org.springframework.beans.factory.support.AbstractBeanFactory.lambda$doGetBean$0(Ljava/lang/String;Lorg/springframework/beans/factory/support/RootBeanDefinition;[Ljava/lang/Object;)Ljava/lang/Object;+4
j  org.springframework.beans.factory.support.AbstractBeanFactory$$Lambda$354+0x000002834e217de0.getObject()Ljava/lang/Object;+16
j  org.springframework.beans.factory.support.DefaultSingletonBeanRegistry.getSingleton(Ljava/lang/String;Lorg/springframework/beans/factory/ObjectFactory;)Ljava/lang/Object;+114
J 3476 c1 org.springframework.beans.factory.support.AbstractBeanFactory.doGetBean(Ljava/lang/String;Ljava/lang/Class;[Ljava/lang/Object;Z)Ljava/lang/Object; (714 bytes) @ 0x000002833dcebdcc [0x000002833dceb7c0+0x000000000000060c]
j  org.springframework.beans.factory.support.AbstractBeanFactory.getBean(Ljava/lang/String;)Ljava/lang/Object;+5
j  org.springframework.context.support.AbstractApplicationContext.getBean(Ljava/lang/String;)Ljava/lang/Object;+9
j  org.springframework.context.support.AbstractApplicationContext.finishBeanFactoryInitialization(Lorg/springframework/beans/factory/config/ConfigurableListableBeanFactory;)V+106
j  org.springframework.context.support.AbstractApplicationContext.refresh()V+86
j  org.springframework.boot.web.servlet.context.ServletWebServerApplicationContext.refresh()V+1
j  org.springframework.boot.SpringApplication.refresh(Lorg/springframework/context/ConfigurableApplicationContext;)V+1
j  org.springframework.boot.SpringApplication.refreshContext(Lorg/springframework/context/ConfigurableApplicationContext;)V+16
j  org.springframework.boot.SpringApplication.run([Ljava/lang/String;)Lorg/springframework/context/ConfigurableApplicationContext;+101
j  org.springframework.boot.SpringApplication.run([Ljava/lang/Class;[Ljava/lang/String;)Lorg/springframework/context/ConfigurableApplicationContext;+9
j  org.springframework.boot.SpringApplication.run(Ljava/lang/Class;[Ljava/lang/String;)Lorg/springframework/context/ConfigurableApplicationContext;+9
j  com.poly.elnr.ErrorLikeNoErrorWebsiteBanQuanAoApplication.main([Ljava/lang/String;)V+3
v  ~StubRoutines::call_stub
j  jdk.internal.reflect.NativeMethodAccessorImpl.invoke0(Ljava/lang/reflect/Method;Ljava/lang/Object;[Ljava/lang/Object;)Ljava/lang/Object;+0 java.base@17.0.8.1
j  jdk.internal.reflect.NativeMethodAccessorImpl.invoke(Ljava/lang/Object;[Ljava/lang/Object;)Ljava/lang/Object;+133 java.base@17.0.8.1
j  jdk.internal.reflect.DelegatingMethodAccessorImpl.invoke(Ljava/lang/Object;[Ljava/lang/Object;)Ljava/lang/Object;+6 java.base@17.0.8.1
j  java.lang.reflect.Method.invoke(Ljava/lang/Object;[Ljava/lang/Object;)Ljava/lang/Object;+59 java.base@17.0.8.1
j  org.springframework.boot.devtools.restart.RestartLauncher.run()V+42
v  ~StubRoutines::call_stub

---------------  P R O C E S S  ---------------

Threads class SMR info:
_java_thread_list=0x0000028393762830, length=26, elements={
0x00000283341f4130, 0x000002834cc5f5c0, 0x000002834cc60960, 0x000002834cc752f0,
0x000002834cc76290, 0x000002834cc7c570, 0x000002834cc7ca80, 0x000002834cc7f650,
0x000002834cc7cf90, 0x000002834cc7d4a0, 0x000002838e14c800, 0x000002838e151320,
0x000002834cc7ac20, 0x000002834cc7b640, 0x000002834cc7a200, 0x000002834cc79cf0,
0x000002834cc7a710, 0x000002834cc7b130, 0x000002834cc7bb50, 0x0000028393466d50,
0x00000283940ecab0, 0x00000283940ecfc0, 0x00000283940e6f90, 0x00000283940ec5a0,
0x00000283940ed4d0, 0x00000283940eb670
}

Java Threads: ( => current thread )
  0x00000283341f4130 JavaThread "main" [_thread_blocked, id=4648, stack(0x000000fd92b00000,0x000000fd92c00000)]
  0x000002834cc5f5c0 JavaThread "Reference Handler" daemon [_thread_blocked, id=11800, stack(0x000000fd93200000,0x000000fd93300000)]
  0x000002834cc60960 JavaThread "Finalizer" daemon [_thread_blocked, id=20732, stack(0x000000fd93300000,0x000000fd93400000)]
  0x000002834cc752f0 JavaThread "Signal Dispatcher" daemon [_thread_blocked, id=22804, stack(0x000000fd93400000,0x000000fd93500000)]
  0x000002834cc76290 JavaThread "Attach Listener" daemon [_thread_blocked, id=21888, stack(0x000000fd93500000,0x000000fd93600000)]
  0x000002834cc7c570 JavaThread "Service Thread" daemon [_thread_blocked, id=22860, stack(0x000000fd93600000,0x000000fd93700000)]
  0x000002834cc7ca80 JavaThread "Monitor Deflation Thread" daemon [_thread_blocked, id=22268, stack(0x000000fd93700000,0x000000fd93800000)]
  0x000002834cc7f650 JavaThread "C1 CompilerThread0" daemon [_thread_blocked, id=3376, stack(0x000000fd93800000,0x000000fd93900000)]
  0x000002834cc7cf90 JavaThread "Sweeper thread" daemon [_thread_blocked, id=23468, stack(0x000000fd93900000,0x000000fd93a00000)]
  0x000002834cc7d4a0 JavaThread "Common-Cleaner" daemon [_thread_blocked, id=20268, stack(0x000000fd93a00000,0x000000fd93b00000)]
  0x000002838e14c800 JavaThread "C1 CompilerThread1" daemon [_thread_blocked, id=15216, stack(0x000000fd93b00000,0x000000fd93c00000)]
  0x000002838e151320 JavaThread "C1 CompilerThread2" daemon [_thread_blocked, id=3892, stack(0x000000fd93c00000,0x000000fd93d00000)]
  0x000002834cc7ac20 JavaThread "Monitor Ctrl-Break" daemon [_thread_in_native, id=4120, stack(0x000000fd93d00000,0x000000fd93e00000)]
  0x000002834cc7b640 JavaThread "Notification Thread" daemon [_thread_blocked, id=21020, stack(0x000000fd93e00000,0x000000fd93f00000)]
  0x000002834cc7a200 JavaThread "RMI TCP Accept-0" daemon [_thread_in_native, id=20148, stack(0x000000fd93f00000,0x000000fd94000000)]
  0x000002834cc79cf0 JavaThread "Thread-0" [_thread_blocked, id=17024, stack(0x000000fd94800000,0x000000fd94900000)]
=>0x000002834cc7a710 JavaThread "restartedMain" [_thread_in_vm, id=9464, stack(0x000000fd94900000,0x000000fd94a00000)]
  0x000002834cc7b130 JavaThread "RMI TCP Connection(1)-192.168.1.230" daemon [_thread_in_native, id=21140, stack(0x000000fd94a00000,0x000000fd94b00000)]
  0x000002834cc7bb50 JavaThread "RMI Scheduler(0)" daemon [_thread_blocked, id=2796, stack(0x000000fd94b00000,0x000000fd94c00000)]
  0x0000028393466d50 JavaThread "C1 CompilerThread3" daemon [_thread_blocked, id=11088, stack(0x000000fd95000000,0x000000fd95100000)]
  0x00000283940ecab0 JavaThread "Catalina-utility-1" [_thread_blocked, id=14120, stack(0x000000fd95200000,0x000000fd95300000)]
  0x00000283940ecfc0 JavaThread "Catalina-utility-2" [_thread_blocked, id=19472, stack(0x000000fd95300000,0x000000fd95400000)]
  0x00000283940e6f90 JavaThread "container-0" [_thread_blocked, id=5048, stack(0x000000fd95500000,0x000000fd95600000)]
  0x00000283940ec5a0 JavaThread "mssql-jdbc-shared-timer-core-0" daemon [_thread_blocked, id=18440, stack(0x000000fd95600000,0x000000fd95700000)]
  0x00000283940ed4d0 JavaThread "HikariPool-1 housekeeper" daemon [_thread_blocked, id=13284, stack(0x000000fd95700000,0x000000fd95800000)]
  0x00000283940eb670 JavaThread "HikariPool-1 connection adder" daemon [_thread_in_native, id=1304, stack(0x000000fd95800000,0x000000fd95900000)]

Other Threads:
  0x000002834cc598f0 VMThread "VM Thread" [stack: 0x000000fd93100000,0x000000fd93200000] [id=8620]
  0x00000283341f50f0 WatcherThread [stack: 0x000000fd94000000,0x000000fd94100000] [id=1740]
  0x000002833425dc20 GCTaskThread "GC Thread#0" [stack: 0x000000fd92c00000,0x000000fd92d00000] [id=20628]
  0x000002838ea2e020 GCTaskThread "GC Thread#1" [stack: 0x000000fd94100000,0x000000fd94200000] [id=12748]
  0x000002838ea4e4b0 GCTaskThread "GC Thread#2" [stack: 0x000000fd94200000,0x000000fd94300000] [id=1852]
  0x000002838ea4e770 GCTaskThread "GC Thread#3" [stack: 0x000000fd94300000,0x000000fd94400000] [id=20172]
  0x000002838ea4ea30 GCTaskThread "GC Thread#4" [stack: 0x000000fd94400000,0x000000fd94500000] [id=11932]
  0x000002838ea91e60 GCTaskThread "GC Thread#5" [stack: 0x000000fd94500000,0x000000fd94600000] [id=11012]
  0x000002838ea94130 GCTaskThread "GC Thread#6" [stack: 0x000000fd94600000,0x000000fd94700000] [id=15760]
  0x000002838eb7b630 GCTaskThread "GC Thread#7" [stack: 0x000000fd94c00000,0x000000fd94d00000] [id=20996]
  0x0000028393377ec0 GCTaskThread "GC Thread#8" [stack: 0x000000fd94d00000,0x000000fd94e00000] [id=18340]
  0x000002838ebc04e0 GCTaskThread "GC Thread#9" [stack: 0x000000fd94e00000,0x000000fd94f00000] [id=11516]
  0x000002833426f420 ConcurrentGCThread "G1 Main Marker" [stack: 0x000000fd92d00000,0x000000fd92e00000] [id=22440]
  0x0000028334271c50 ConcurrentGCThread "G1 Conc#0" [stack: 0x000000fd92e00000,0x000000fd92f00000] [id=23104]
  0x00000283939df510 ConcurrentGCThread "G1 Conc#1" [stack: 0x000000fd94f00000,0x000000fd95000000] [id=18768]
  0x00000283939df7d0 ConcurrentGCThread "G1 Conc#2" [stack: 0x000000fd95100000,0x000000fd95200000] [id=22512]
  0x00000283342aea40 ConcurrentGCThread "G1 Refine#0" [stack: 0x000000fd92f00000,0x000000fd93000000] [id=22108]
  0x000002838ea57b40 ConcurrentGCThread "G1 Refine#1" [stack: 0x000000fd94700000,0x000000fd94800000] [id=20320]
  0x000002834cb9abd0 ConcurrentGCThread "G1 Service" [stack: 0x000000fd93000000,0x000000fd93100000] [id=19664]

Threads with active compile tasks:

VM state: not at safepoint (normal execution)

VM Mutex/Monitor currently owned by a thread:  ([mutex/lock_event])
[0x00000283341ed590] Metaspace_lock - owner thread: 0x000002834cc7a710

Heap address: 0x000000070a800000, size: 3928 MB, Compressed Oops mode: Zero based, Oop shift amount: 3

CDS archive(s) mapped at: [0x000002834d000000-0x000002834dbd0000-0x000002834dbd0000), size 12386304, SharedBaseAddress: 0x000002834d000000, ArchiveRelocationMode: 1.
Compressed class space mapped at: 0x000002834e000000-0x000002838e000000, reserved size: 1073741824
Narrow klass base: 0x000002834d000000, Narrow klass shift: 0, Narrow klass range: 0x100000000

GC Precious Log:
 CPUs: 12 total, 12 available
 Memory: 15706M
 Large Page Support: Disabled
 NUMA Support: Disabled
 Compressed Oops: Enabled (Zero based)
 Heap Region Size: 2M
 Heap Min Capacity: 8M
 Heap Initial Capacity: 246M
 Heap Max Capacity: 3928M
 Pre-touch: Disabled
 Parallel Workers: 10
 Concurrent Workers: 3
 Concurrent Refinement Workers: 10
 Periodic GC: Disabled

Heap:
 garbage-first heap   total 157696K, used 30781K [0x000000070a800000, 0x0000000800000000)
  region size 2048K, 6 young (12288K), 1 survivors (2048K)
 Metaspace       used 46217K, committed 46656K, reserved 1114112K
  class space    used 6328K, committed 6528K, reserved 1048576K

Heap Regions: E=young(eden), S=young(survivor), O=old, HS=humongous(starts), HC=humongous(continues), CS=collection set, F=free, OA=open archive, CA=closed archive, TAMS=top-at-mark-start (previous, next)
|   0|0x000000070a800000, 0x000000070aa00000, 0x000000070aa00000|100%| O|  |TAMS 0x000000070aa00000, 0x000000070a800000| Untracked 
|   1|0x000000070aa00000, 0x000000070ac00000, 0x000000070ac00000|100%| O|  |TAMS 0x000000070ac00000, 0x000000070aa00000| Untracked 
|   2|0x000000070ac00000, 0x000000070ae00000, 0x000000070ae00000|100%| O|  |TAMS 0x000000070ae00000, 0x000000070ac00000| Untracked 
|   3|0x000000070ae00000, 0x000000070b000000, 0x000000070b000000|100%| O|  |TAMS 0x000000070b000000, 0x000000070ae00000| Untracked 
|   4|0x000000070b000000, 0x000000070b200000, 0x000000070b200000|100%| O|  |TAMS 0x000000070b200000, 0x000000070b000000| Untracked 
|   5|0x000000070b200000, 0x000000070b400000, 0x000000070b400000|100%| O|  |TAMS 0x000000070b400000, 0x000000070b200000| Untracked 
|   6|0x000000070b400000, 0x000000070b600000, 0x000000070b600000|100%| O|  |TAMS 0x000000070b600000, 0x000000070b400000| Untracked 
|   7|0x000000070b600000, 0x000000070b800000, 0x000000070b800000|100%| O|  |TAMS 0x000000070b800000, 0x000000070b600000| Untracked 
|   8|0x000000070b800000, 0x000000070b800000, 0x000000070ba00000|  0%| F|  |TAMS 0x000000070b800000, 0x000000070b800000| Untracked 
|   9|0x000000070ba00000, 0x000000070bc00000, 0x000000070bc00000|100%| O|  |TAMS 0x000000070ba0c200, 0x000000070ba00000| Untracked 
|  10|0x000000070bc00000, 0x000000070be00000, 0x000000070be00000|100%| O|  |TAMS 0x000000070bc00000, 0x000000070bc00000| Untracked 
|  11|0x000000070be00000, 0x000000070bf78a00, 0x000000070c000000| 73%| O|  |TAMS 0x000000070be00000, 0x000000070be00000| Untracked 
|  12|0x000000070c000000, 0x000000070c000000, 0x000000070c200000|  0%| F|  |TAMS 0x000000070c000000, 0x000000070c000000| Untracked 
|  13|0x000000070c200000, 0x000000070c200000, 0x000000070c400000|  0%| F|  |TAMS 0x000000070c200000, 0x000000070c200000| Untracked 
|  14|0x000000070c400000, 0x000000070c400000, 0x000000070c600000|  0%| F|  |TAMS 0x000000070c400000, 0x000000070c400000| Untracked 
|  15|0x000000070c600000, 0x000000070c600000, 0x000000070c800000|  0%| F|  |TAMS 0x000000070c600000, 0x000000070c600000| Untracked 
|  16|0x000000070c800000, 0x000000070c800000, 0x000000070ca00000|  0%| F|  |TAMS 0x000000070c800000, 0x000000070c800000| Untracked 
|  17|0x000000070ca00000, 0x000000070ca00000, 0x000000070cc00000|  0%| F|  |TAMS 0x000000070ca00000, 0x000000070ca00000| Untracked 
|  18|0x000000070cc00000, 0x000000070cc00000, 0x000000070ce00000|  0%| F|  |TAMS 0x000000070cc00000, 0x000000070cc00000| Untracked 
|  19|0x000000070ce00000, 0x000000070ce00000, 0x000000070d000000|  0%| F|  |TAMS 0x000000070ce00000, 0x000000070ce00000| Untracked 
|  20|0x000000070d000000, 0x000000070d000000, 0x000000070d200000|  0%| F|  |TAMS 0x000000070d000000, 0x000000070d000000| Untracked 
|  21|0x000000070d200000, 0x000000070d200000, 0x000000070d400000|  0%| F|  |TAMS 0x000000070d200000, 0x000000070d200000| Untracked 
|  22|0x000000070d400000, 0x000000070d400000, 0x000000070d600000|  0%| F|  |TAMS 0x000000070d400000, 0x000000070d400000| Untracked 
|  23|0x000000070d600000, 0x000000070d600000, 0x000000070d800000|  0%| F|  |TAMS 0x000000070d600000, 0x000000070d600000| Untracked 
|  24|0x000000070d800000, 0x000000070d800000, 0x000000070da00000|  0%| F|  |TAMS 0x000000070d800000, 0x000000070d800000| Untracked 
|  25|0x000000070da00000, 0x000000070da00000, 0x000000070dc00000|  0%| F|  |TAMS 0x000000070da00000, 0x000000070da00000| Untracked 
|  26|0x000000070dc00000, 0x000000070dc00000, 0x000000070de00000|  0%| F|  |TAMS 0x000000070dc00000, 0x000000070dc00000| Untracked 
|  27|0x000000070de00000, 0x000000070de00000, 0x000000070e000000|  0%| F|  |TAMS 0x000000070de00000, 0x000000070de00000| Untracked 
|  28|0x000000070e000000, 0x000000070e000000, 0x000000070e200000|  0%| F|  |TAMS 0x000000070e000000, 0x000000070e000000| Untracked 
|  29|0x000000070e200000, 0x000000070e200000, 0x000000070e400000|  0%| F|  |TAMS 0x000000070e200000, 0x000000070e200000| Untracked 
|  30|0x000000070e400000, 0x000000070e400000, 0x000000070e600000|  0%| F|  |TAMS 0x000000070e400000, 0x000000070e400000| Untracked 
|  31|0x000000070e600000, 0x000000070e600000, 0x000000070e800000|  0%| F|  |TAMS 0x000000070e600000, 0x000000070e600000| Untracked 
|  32|0x000000070e800000, 0x000000070e800000, 0x000000070ea00000|  0%| F|  |TAMS 0x000000070e800000, 0x000000070e800000| Untracked 
|  33|0x000000070ea00000, 0x000000070ea00000, 0x000000070ec00000|  0%| F|  |TAMS 0x000000070ea00000, 0x000000070ea00000| Untracked 
|  34|0x000000070ec00000, 0x000000070ec00000, 0x000000070ee00000|  0%| F|  |TAMS 0x000000070ec00000, 0x000000070ec00000| Untracked 
|  35|0x000000070ee00000, 0x000000070ee00000, 0x000000070f000000|  0%| F|  |TAMS 0x000000070ee00000, 0x000000070ee00000| Untracked 
|  36|0x000000070f000000, 0x000000070f000000, 0x000000070f200000|  0%| F|  |TAMS 0x000000070f000000, 0x000000070f000000| Untracked 
|  37|0x000000070f200000, 0x000000070f200000, 0x000000070f400000|  0%| F|  |TAMS 0x000000070f200000, 0x000000070f200000| Untracked 
|  38|0x000000070f400000, 0x000000070f400000, 0x000000070f600000|  0%| F|  |TAMS 0x000000070f400000, 0x000000070f400000| Untracked 
|  39|0x000000070f600000, 0x000000070f600000, 0x000000070f800000|  0%| F|  |TAMS 0x000000070f600000, 0x000000070f600000| Untracked 
|  40|0x000000070f800000, 0x000000070f800000, 0x000000070fa00000|  0%| F|  |TAMS 0x000000070f800000, 0x000000070f800000| Untracked 
|  41|0x000000070fa00000, 0x000000070fa00000, 0x000000070fc00000|  0%| F|  |TAMS 0x000000070fa00000, 0x000000070fa00000| Untracked 
|  42|0x000000070fc00000, 0x000000070fc00000, 0x000000070fe00000|  0%| F|  |TAMS 0x000000070fc00000, 0x000000070fc00000| Untracked 
|  43|0x000000070fe00000, 0x000000070fe00000, 0x0000000710000000|  0%| F|  |TAMS 0x000000070fe00000, 0x000000070fe00000| Untracked 
|  44|0x0000000710000000, 0x0000000710000000, 0x0000000710200000|  0%| F|  |TAMS 0x0000000710000000, 0x0000000710000000| Untracked 
|  45|0x0000000710200000, 0x0000000710200000, 0x0000000710400000|  0%| F|  |TAMS 0x0000000710200000, 0x0000000710200000| Untracked 
|  46|0x0000000710400000, 0x0000000710400000, 0x0000000710600000|  0%| F|  |TAMS 0x0000000710400000, 0x0000000710400000| Untracked 
|  47|0x0000000710600000, 0x0000000710600000, 0x0000000710800000|  0%| F|  |TAMS 0x0000000710600000, 0x0000000710600000| Untracked 
|  48|0x0000000710800000, 0x0000000710800000, 0x0000000710a00000|  0%| F|  |TAMS 0x0000000710800000, 0x0000000710800000| Untracked 
|  49|0x0000000710a00000, 0x0000000710a00000, 0x0000000710c00000|  0%| F|  |TAMS 0x0000000710a00000, 0x0000000710a00000| Untracked 
|  50|0x0000000710c00000, 0x0000000710c00000, 0x0000000710e00000|  0%| F|  |TAMS 0x0000000710c00000, 0x0000000710c00000| Untracked 
|  51|0x0000000710e00000, 0x0000000710e00000, 0x0000000711000000|  0%| F|  |TAMS 0x0000000710e00000, 0x0000000710e00000| Untracked 
|  52|0x0000000711000000, 0x0000000711000000, 0x0000000711200000|  0%| F|  |TAMS 0x0000000711000000, 0x0000000711000000| Untracked 
|  53|0x0000000711200000, 0x0000000711200000, 0x0000000711400000|  0%| F|  |TAMS 0x0000000711200000, 0x0000000711200000| Untracked 
|  54|0x0000000711400000, 0x0000000711400000, 0x0000000711600000|  0%| F|  |TAMS 0x0000000711400000, 0x0000000711400000| Untracked 
|  55|0x0000000711600000, 0x0000000711600000, 0x0000000711800000|  0%| F|  |TAMS 0x0000000711600000, 0x0000000711600000| Untracked 
|  56|0x0000000711800000, 0x0000000711800000, 0x0000000711a00000|  0%| F|  |TAMS 0x0000000711800000, 0x0000000711800000| Untracked 
|  57|0x0000000711a00000, 0x0000000711a00000, 0x0000000711c00000|  0%| F|  |TAMS 0x0000000711a00000, 0x0000000711a00000| Untracked 
|  58|0x0000000711c00000, 0x0000000711c00000, 0x0000000711e00000|  0%| F|  |TAMS 0x0000000711c00000, 0x0000000711c00000| Untracked 
|  59|0x0000000711e00000, 0x0000000711e00000, 0x0000000712000000|  0%| F|  |TAMS 0x0000000711e00000, 0x0000000711e00000| Untracked 
|  60|0x0000000712000000, 0x0000000712000000, 0x0000000712200000|  0%| F|  |TAMS 0x0000000712000000, 0x0000000712000000| Untracked 
|  61|0x0000000712200000, 0x0000000712200000, 0x0000000712400000|  0%| F|  |TAMS 0x0000000712200000, 0x0000000712200000| Untracked 
|  62|0x0000000712400000, 0x0000000712400000, 0x0000000712600000|  0%| F|  |TAMS 0x0000000712400000, 0x0000000712400000| Untracked 
|  63|0x0000000712600000, 0x0000000712600000, 0x0000000712800000|  0%| F|  |TAMS 0x0000000712600000, 0x0000000712600000| Untracked 
|  64|0x0000000712800000, 0x0000000712800000, 0x0000000712a00000|  0%| F|  |TAMS 0x0000000712800000, 0x0000000712800000| Untracked 
|  65|0x0000000712a00000, 0x0000000712a00000, 0x0000000712c00000|  0%| F|  |TAMS 0x0000000712a00000, 0x0000000712a00000| Untracked 
|  66|0x0000000712c00000, 0x0000000712c00000, 0x0000000712e00000|  0%| F|  |TAMS 0x0000000712c00000, 0x0000000712c00000| Untracked 
|  67|0x0000000712e00000, 0x0000000712e00000, 0x0000000713000000|  0%| F|  |TAMS 0x0000000712e00000, 0x0000000712e00000| Untracked 
|  68|0x0000000713000000, 0x0000000713000000, 0x0000000713200000|  0%| F|  |TAMS 0x0000000713000000, 0x0000000713000000| Untracked 
|  69|0x0000000713200000, 0x0000000713200000, 0x0000000713400000|  0%| F|  |TAMS 0x0000000713200000, 0x0000000713200000| Untracked 
|  70|0x0000000713400000, 0x0000000713400000, 0x0000000713600000|  0%| F|  |TAMS 0x0000000713400000, 0x0000000713400000| Untracked 
|  71|0x0000000713600000, 0x0000000713800000, 0x0000000713800000|100%| E|  |TAMS 0x0000000713600000, 0x0000000713600000| Complete 
| 115|0x0000000718e00000, 0x0000000719000000, 0x0000000719000000|100%| E|CS|TAMS 0x0000000718e00000, 0x0000000718e00000| Complete 
| 116|0x0000000719000000, 0x0000000719200000, 0x0000000719200000|100%| E|CS|TAMS 0x0000000719000000, 0x0000000719000000| Complete 
| 117|0x0000000719200000, 0x0000000719400000, 0x0000000719400000|100%| E|CS|TAMS 0x0000000719200000, 0x0000000719200000| Complete 
| 118|0x0000000719400000, 0x0000000719496bb8, 0x0000000719600000| 29%| S|CS|TAMS 0x0000000719400000, 0x0000000719400000| Complete 
| 122|0x0000000719c00000, 0x0000000719e00000, 0x0000000719e00000|100%| E|CS|TAMS 0x0000000719c00000, 0x0000000719c00000| Complete 

Card table byte_map: [0x0000028341790000,0x0000028341f40000] _byte_map_base: 0x000002833df3c000

Marking Bits (Prev, Next): (CMBitMap*) 0x000002833425f160, (CMBitMap*) 0x000002833425f1a0
 Prev Bits: [0x00000283426f0000, 0x0000028346450000)
 Next Bits: [0x0000028346450000, 0x000002834a1b0000)

Polling page: 0x0000028333fb0000

Metaspace:

Usage:
  Non-class:     38.95 MB used.
      Class:      6.18 MB used.
       Both:     45.13 MB used.

Virtual space:
  Non-class space:       64.00 MB reserved,      39.19 MB ( 61%) committed,  1 nodes.
      Class space:        1.00 GB reserved,       6.38 MB ( <1%) committed,  1 nodes.
             Both:        1.06 GB reserved,      45.56 MB (  4%) committed. 

Chunk freelists:
   Non-Class:  8.64 MB
       Class:  9.61 MB
        Both:  18.25 MB

MaxMetaspaceSize: unlimited
CompressedClassSpaceSize: 1.00 GB
Initial GC threshold: 21.00 MB
Current GC threshold: 59.19 MB
CDS: on
MetaspaceReclaimPolicy: balanced
 - commit_granule_bytes: 65536.
 - commit_granule_words: 8192.
 - virtual_space_node_default_size: 8388608.
 - enlarge_chunks_in_place: 1.
 - new_chunks_are_fully_committed: 0.
 - uncommit_free_chunks: 1.
 - use_allocation_guard: 0.
 - handle_deallocations: 1.


Internal statistics:

num_allocs_failed_limit: 6.
num_arena_births: 704.
num_arena_deaths: 0.
num_vsnodes_births: 2.
num_vsnodes_deaths: 0.
num_space_committed: 729.
num_space_uncommitted: 0.
num_chunks_returned_to_freelist: 6.
num_chunks_taken_from_freelist: 2318.
num_chunk_merges: 3.
num_chunk_splits: 1613.
num_chunks_enlarged: 1148.
num_inconsistent_stats: 0.

CodeCache: size=49152Kb used=10732Kb max_used=10732Kb free=38419Kb
 bounds [0x000002833d4d0000, 0x000002833df50000, 0x00000283404d0000]
 total_blobs=5588 nmethods=4946 adapters=565
 compilation: enabled
              stopped_count=0, restarted_count=0
 full_count=0

Compilation events (20 events):
Event: 6.268 Thread 0x0000028393466d50 4938       1       java.util.Collections$UnmodifiableMap$UnmodifiableEntrySet$1::next (5 bytes)
Event: 6.268 Thread 0x000002838e151320 4939       1       java.util.Collections$UnmodifiableMap$UnmodifiableEntrySet$1::next (20 bytes)
Event: 6.269 Thread 0x000002834cc7f650 nmethod 4937 0x000002833df47990 code [0x000002833df47b20, 0x000002833df47c08]
Event: 6.269 Thread 0x000002834cc7f650 4940       1       java.util.Collections$UnmodifiableMap$UnmodifiableEntrySet$UnmodifiableEntry::<init> (16 bytes)
Event: 6.269 Thread 0x000002838e14c800 nmethod 4936 0x000002833df47c90 code [0x000002833df47e40, 0x000002833df47ff8]
Event: 6.269 Thread 0x000002838e14c800 4941       1       java.util.Collections$UnmodifiableMap$UnmodifiableEntrySet$UnmodifiableEntry::getKey (10 bytes)
Event: 6.269 Thread 0x000002838e14c800 nmethod 4941 0x000002833df48110 code [0x000002833df482a0, 0x000002833df48388]
Event: 6.269 Thread 0x000002838e151320 nmethod 4939 0x000002833df48410 code [0x000002833df485c0, 0x000002833df488b8]
Event: 6.269 Thread 0x000002834cc7f650 nmethod 4940 0x000002833df48a10 code [0x000002833df48bc0, 0x000002833df48de8]
Event: 6.269 Thread 0x0000028393466d50 nmethod 4938 0x000002833df48f10 code [0x000002833df490c0, 0x000002833df493d8]
Event: 6.274 Thread 0x0000028393466d50 4942       1       org.hibernate.mapping.Property::getValue (5 bytes)
Event: 6.274 Thread 0x000002834cc7f650 4943       1       java.util.stream.TerminalOp::getOpFlags (2 bytes)
Event: 6.274 Thread 0x0000028393466d50 nmethod 4942 0x000002833df49510 code [0x000002833df496a0, 0x000002833df49778]
Event: 6.274 Thread 0x000002834cc7f650 nmethod 4943 0x000002833df49810 code [0x000002833df499a0, 0x000002833df49a78]
Event: 6.274 Thread 0x000002834cc7f650 4944       1       org.hibernate.boot.model.process.internal.InferredBasicValueResolution::getLegacyResolvedBasicType (5 bytes)
Event: 6.274 Thread 0x000002834cc7f650 nmethod 4944 0x000002833df49b10 code [0x000002833df49ca0, 0x000002833df49d78]
Event: 6.275 Thread 0x000002834cc7f650 4945       1       org.hibernate.mapping.BasicValue::getResolution (5 bytes)
Event: 6.275 Thread 0x000002838e14c800 4946       1       org.hibernate.mapping.Column::isFormula (2 bytes)
Event: 6.275 Thread 0x000002838e14c800 nmethod 4946 0x000002833df49e10 code [0x000002833df49fa0, 0x000002833df4a078]
Event: 6.275 Thread 0x000002834cc7f650 nmethod 4945 0x000002833df4a110 code [0x000002833df4a2a0, 0x000002833df4a378]

GC Heap History (20 events):
Event: 1.332 GC heap before
{Heap before GC invocations=1 (full 0):
 garbage-first heap   total 251904K, used 27928K [0x000000070a800000, 0x0000000800000000)
  region size 2048K, 12 young (24576K), 2 survivors (4096K)
 Metaspace       used 10823K, committed 11072K, reserved 1114112K
  class space    used 1480K, committed 1600K, reserved 1048576K
}
Event: 1.336 GC heap after
{Heap after GC invocations=2 (full 0):
 garbage-first heap   total 251904K, used 9060K [0x000000070a800000, 0x0000000800000000)
  region size 2048K, 1 young (2048K), 1 survivors (2048K)
 Metaspace       used 10823K, committed 11072K, reserved 1114112K
  class space    used 1480K, committed 1600K, reserved 1048576K
}
Event: 2.802 GC heap before
{Heap before GC invocations=2 (full 0):
 garbage-first heap   total 251904K, used 74596K [0x000000070a800000, 0x0000000800000000)
  region size 2048K, 33 young (67584K), 1 survivors (2048K)
 Metaspace       used 20431K, committed 20736K, reserved 1114112K
  class space    used 2768K, committed 2944K, reserved 1048576K
}
Event: 2.808 GC heap after
{Heap after GC invocations=3 (full 0):
 garbage-first heap   total 251904K, used 13272K [0x000000070a800000, 0x0000000800000000)
  region size 2048K, 4 young (8192K), 4 survivors (8192K)
 Metaspace       used 20431K, committed 20736K, reserved 1114112K
  class space    used 2768K, committed 2944K, reserved 1048576K
}
Event: 2.966 GC heap before
{Heap before GC invocations=3 (full 0):
 garbage-first heap   total 251904K, used 19416K [0x000000070a800000, 0x0000000800000000)
  region size 2048K, 8 young (16384K), 4 survivors (8192K)
 Metaspace       used 21217K, committed 21504K, reserved 1114112K
  class space    used 2888K, committed 3008K, reserved 1048576K
}
Event: 2.970 GC heap after
{Heap after GC invocations=4 (full 0):
 garbage-first heap   total 251904K, used 14150K [0x000000070a800000, 0x0000000800000000)
  region size 2048K, 4 young (8192K), 4 survivors (8192K)
 Metaspace       used 21217K, committed 21504K, reserved 1114112K
  class space    used 2888K, committed 3008K, reserved 1048576K
}
Event: 3.707 GC heap before
{Heap before GC invocations=5 (full 0):
 garbage-first heap   total 61440K, used 42822K [0x000000070a800000, 0x0000000800000000)
  region size 2048K, 18 young (36864K), 4 survivors (8192K)
 Metaspace       used 24022K, committed 24448K, reserved 1114112K
  class space    used 3340K, committed 3520K, reserved 1048576K
}
Event: 3.722 GC heap after
{Heap after GC invocations=6 (full 0):
 garbage-first heap   total 61440K, used 15875K [0x000000070a800000, 0x0000000800000000)
  region size 2048K, 2 young (4096K), 2 survivors (4096K)
 Metaspace       used 24022K, committed 24448K, reserved 1114112K
  class space    used 3340K, committed 3520K, reserved 1048576K
}
Event: 3.796 GC heap before
{Heap before GC invocations=6 (full 0):
 garbage-first heap   total 61440K, used 17923K [0x000000070a800000, 0x0000000800000000)
  region size 2048K, 3 young (6144K), 2 survivors (4096K)
 Metaspace       used 24512K, committed 24960K, reserved 1114112K
  class space    used 3420K, committed 3648K, reserved 1048576K
}
Event: 3.802 GC heap after
{Heap after GC invocations=7 (full 0):
 garbage-first heap   total 61440K, used 16376K [0x000000070a800000, 0x0000000800000000)
  region size 2048K, 1 young (2048K), 1 survivors (2048K)
 Metaspace       used 24512K, committed 24960K, reserved 1114112K
  class space    used 3420K, committed 3648K, reserved 1048576K
}
Event: 4.542 GC heap before
{Heap before GC invocations=7 (full 0):
 garbage-first heap   total 61440K, used 40952K [0x000000070a800000, 0x0000000800000000)
  region size 2048K, 13 young (26624K), 1 survivors (2048K)
 Metaspace       used 28824K, committed 29248K, reserved 1114112K
  class space    used 3968K, committed 4160K, reserved 1048576K
}
Event: 4.545 GC heap after
{Heap after GC invocations=8 (full 0):
 garbage-first heap   total 61440K, used 18520K [0x000000070a800000, 0x0000000800000000)
  region size 2048K, 2 young (4096K), 2 survivors (4096K)
 Metaspace       used 28824K, committed 29248K, reserved 1114112K
  class space    used 3968K, committed 4160K, reserved 1048576K
}
Event: 5.224 GC heap before
{Heap before GC invocations=8 (full 0):
 garbage-first heap   total 61440K, used 41048K [0x000000070a800000, 0x0000000800000000)
  region size 2048K, 14 young (28672K), 2 survivors (4096K)
 Metaspace       used 32951K, committed 33472K, reserved 1114112K
  class space    used 4564K, committed 4800K, reserved 1048576K
}
Event: 5.229 GC heap after
{Heap after GC invocations=9 (full 0):
 garbage-first heap   total 61440K, used 20459K [0x000000070a800000, 0x0000000800000000)
  region size 2048K, 1 young (2048K), 1 survivors (2048K)
 Metaspace       used 32951K, committed 33472K, reserved 1114112K
  class space    used 4564K, committed 4800K, reserved 1048576K
}
Event: 5.533 GC heap before
{Heap before GC invocations=9 (full 0):
 garbage-first heap   total 61440K, used 28651K [0x000000070a800000, 0x0000000800000000)
  region size 2048K, 7 young (14336K), 1 survivors (2048K)
 Metaspace       used 35622K, committed 36096K, reserved 1114112K
  class space    used 4984K, committed 5248K, reserved 1048576K
}
Event: 5.536 GC heap after
{Heap after GC invocations=10 (full 0):
 garbage-first heap   total 61440K, used 20743K [0x000000070a800000, 0x0000000800000000)
  region size 2048K, 2 young (4096K), 2 survivors (4096K)
 Metaspace       used 35622K, committed 36096K, reserved 1114112K
  class space    used 4984K, committed 5248K, reserved 1048576K
}
Event: 6.136 GC heap before
{Heap before GC invocations=11 (full 0):
 garbage-first heap   total 61440K, used 43271K [0x000000070a800000, 0x0000000800000000)
  region size 2048K, 13 young (26624K), 2 survivors (4096K)
 Metaspace       used 43582K, committed 44096K, reserved 1114112K
  class space    used 5980K, committed 6208K, reserved 1048576K
}
Event: 6.139 GC heap after
{Heap after GC invocations=12 (full 0):
 garbage-first heap   total 157696K, used 22653K [0x000000070a800000, 0x0000000800000000)
  region size 2048K, 2 young (4096K), 2 survivors (4096K)
 Metaspace       used 43582K, committed 44096K, reserved 1114112K
  class space    used 5980K, committed 6208K, reserved 1048576K
}
Event: 6.168 GC heap before
{Heap before GC invocations=12 (full 0):
 garbage-first heap   total 157696K, used 24701K [0x000000070a800000, 0x0000000800000000)
  region size 2048K, 3 young (6144K), 2 survivors (4096K)
 Metaspace       used 43599K, committed 44096K, reserved 1114112K
  class space    used 5983K, committed 6208K, reserved 1048576K
}
Event: 6.170 GC heap after
{Heap after GC invocations=13 (full 0):
 garbage-first heap   total 157696K, used 22589K [0x000000070a800000, 0x0000000800000000)
  region size 2048K, 1 young (2048K), 1 survivors (2048K)
 Metaspace       used 43599K, committed 44096K, reserved 1114112K
  class space    used 5983K, committed 6208K, reserved 1048576K
}

Dll operation events (13 events):
Event: 0.009 Loaded shared library C:\Users\ThanhPhuc\.jdks\corretto-17.0.8.1\bin\java.dll
Event: 0.028 Loaded shared library C:\Users\ThanhPhuc\.jdks\corretto-17.0.8.1\bin\jsvml.dll
Event: 0.152 Loaded shared library C:\Users\ThanhPhuc\.jdks\corretto-17.0.8.1\bin\zip.dll
Event: 0.155 Loaded shared library C:\Users\ThanhPhuc\.jdks\corretto-17.0.8.1\bin\instrument.dll
Event: 0.161 Loaded shared library C:\Users\ThanhPhuc\.jdks\corretto-17.0.8.1\bin\net.dll
Event: 0.163 Loaded shared library C:\Users\ThanhPhuc\.jdks\corretto-17.0.8.1\bin\nio.dll
Event: 0.166 Loaded shared library C:\Users\ThanhPhuc\.jdks\corretto-17.0.8.1\bin\zip.dll
Event: 0.262 Loaded shared library C:\Program Files\JetBrains\IntelliJ IDEA 2023.2.2\bin\breakgen64.dll
Event: 0.269 Loaded shared library C:\Users\ThanhPhuc\.jdks\corretto-17.0.8.1\bin\jimage.dll
Event: 0.290 Loaded shared library C:\Users\ThanhPhuc\.jdks\corretto-17.0.8.1\bin\management.dll
Event: 0.310 Loaded shared library C:\Users\ThanhPhuc\.jdks\corretto-17.0.8.1\bin\management_ext.dll
Event: 1.429 Loaded shared library C:\Users\ThanhPhuc\.jdks\corretto-17.0.8.1\bin\verify.dll
Event: 4.255 Loaded shared library C:\Users\ThanhPhuc\.jdks\corretto-17.0.8.1\bin\sunmscapi.dll

Deoptimization events (6 events):
Event: 1.492 Thread 0x000002834cc7a710 DEOPT PACKING pc=0x000002833da9e7f9 sp=0x000000fd949fcbb0
Event: 1.492 Thread 0x000002834cc7a710 DEOPT UNPACKING pc=0x000002833d527143 sp=0x000000fd949fc090 mode 3
Event: 3.476 Thread 0x000002834cc7a710 DEOPT PACKING pc=0x000002833dd4fcf9 sp=0x000000fd949fd550
Event: 3.476 Thread 0x000002834cc7a710 DEOPT UNPACKING pc=0x000002833d527143 sp=0x000000fd949fca30 mode 3
Event: 4.590 Thread 0x000002834cc7a710 DEOPT PACKING pc=0x000002833ddbf525 sp=0x000000fd949fbf80
Event: 4.590 Thread 0x000002834cc7a710 DEOPT UNPACKING pc=0x000002833d527143 sp=0x000000fd949fb4e8 mode 3

Classes unloaded (0 events):
No events

Classes redefined (0 events):
No events

Internal exceptions (20 events):
Event: 4.396 Thread 0x000002834cc7a710 Exception <a 'sun/nio/fs/WindowsException'{0x000000070cf4ec28}> (0x000000070cf4ec28) 
thrown [s\src\hotspot\share\prims\jni.cpp, line 516]
Event: 4.396 Thread 0x000002834cc7a710 Exception <a 'sun/nio/fs/WindowsException'{0x000000070cf4f320}> (0x000000070cf4f320) 
thrown [s\src\hotspot\share\prims\jni.cpp, line 516]
Event: 4.429 Thread 0x000002834cc7a710 Exception <a 'java/lang/NoSuchMethodError'{0x000000070cc559c0}: 'java.lang.Object java.lang.invoke.DirectMethodHandle$Holder.invokeSpecial(java.lang.Object, java.lang.Object, long, java.lang.Object, java.lang.Object, java.lang.Object, java.lang.Object, java.lang.Object, java.lang.Object)'> (0x000000070cc559c0) 
thrown [s\src\hotspot\share\interpreter\linkResolver.cpp, line 759]
Event: 4.429 Thread 0x000002834cc7a710 Exception <a 'java/lang/NoSuchMethodError'{0x000000070cc5a4e8}: 'java.lang.Object java.lang.invoke.DelegatingMethodHandle$Holder.reinvoke_L(java.lang.Object, long, java.lang.Object, java.lang.Object, java.lang.Object, java.lang.Object, java.lang.Object, java.lang.Object)'> (0x000000070cc5a4e8) 
thrown [s\src\hotspot\share\interpreter\linkResolver.cpp, line 759]
Event: 4.430 Thread 0x000002834cc7a710 Exception <a 'java/lang/NoSuchMethodError'{0x000000070cc671e8}: 'java.lang.Object java.lang.invoke.Invokers$Holder.linkToTargetMethod(java.lang.Object, java.lang.Object, java.lang.Object, java.lang.Object, java.lang.Object, java.lang.Object, java.lang.Object)'> (0x000000070cc671e8) 
thrown [s\src\hotspot\share\interpreter\linkResolver.cpp, line 759]
Event: 4.489 Thread 0x000002834cc7a710 Exception <a 'java/io/FileNotFoundException'{0x000000070cdf13d8}> (0x000000070cdf13d8) 
thrown [s\src\hotspot\share\prims\jni.cpp, line 516]
Event: 4.521 Thread 0x000002834cc7a710 Exception <a 'java/lang/NoSuchMethodError'{0x000000070cb58080}: 'int java.lang.invoke.DirectMethodHandle$Holder.invokeInterface(java.lang.Object, java.lang.Object, java.lang.Object, java.lang.Object)'> (0x000000070cb58080) 
thrown [s\src\hotspot\share\interpreter\linkResolver.cpp, line 759]
Event: 4.601 Thread 0x000002834cc7a710 Exception <a 'java/lang/NoSuchMethodError'{0x0000000719dfb2a0}: 'long java.lang.invoke.DirectMethodHandle$Holder.invokeVirtual(java.lang.Object, java.lang.Object)'> (0x0000000719dfb2a0) 
thrown [s\src\hotspot\share\interpreter\linkResolver.cpp, line 759]
Event: 4.671 Thread 0x000002834cc7a710 Exception <a 'java/lang/NoSuchMethodError'{0x00000007195888e8}: static Ljava/lang/Object;.<clinit>()V> (0x00000007195888e8) 
thrown [s\src\hotspot\share\prims\jni.cpp, line 1107]
Event: 4.699 Thread 0x000002834cc7a710 Exception <a 'java/lang/NoSuchMethodError'{0x0000000719248878}: static Lorg/springframework/security/authentication/AbstractAuthenticationToken;.<clinit>()V> (0x0000000719248878) 
thrown [s\src\hotspot\share\prims\jni.cpp, line 1107]
Event: 4.743 Thread 0x000002834cc7b130 Exception <a 'java/lang/reflect/InvocationTargetException'{0x0000000719002448}> (0x0000000719002448) 
thrown [s\src\hotspot\share\runtime\reflection.cpp, line 1121]
Event: 5.251 Thread 0x000002834cc7b130 Exception <a 'java/lang/reflect/InvocationTargetException'{0x0000000719c87258}> (0x0000000719c87258) 
thrown [s\src\hotspot\share\runtime\reflection.cpp, line 1121]
Event: 5.612 Thread 0x000002834cc7a710 Exception <a 'sun/nio/fs/WindowsException'{0x0000000719402b68}> (0x0000000719402b68) 
thrown [s\src\hotspot\share\prims\jni.cpp, line 516]
Event: 5.627 Thread 0x000002834cc7a710 Exception <a 'java/lang/NoSuchMethodError'{0x00000007194231e8}: 'int java.lang.invoke.DirectMethodHandle$Holder.invokeStaticInit(java.lang.Object, java.lang.Object, java.lang.Object, java.lang.Object)'> (0x00000007194231e8) 
thrown [s\src\hotspot\share\interpreter\linkResolver.cpp, line 759]
Event: 5.758 Thread 0x000002834cc7b130 Exception <a 'java/lang/reflect/InvocationTargetException'{0x00000007195d6688}> (0x00000007195d6688) 
thrown [s\src\hotspot\share\runtime\reflection.cpp, line 1121]
Event: 5.960 Thread 0x000002834cc7a710 Exception <a 'java/lang/NoSuchMethodError'{0x000000070d8a5790}: 'java.lang.Object java.lang.invoke.DirectMethodHandle$Holder.invokeStaticInit(java.lang.Object, java.lang.Object, java.lang.Object, java.lang.Object)'> (0x000000070d8a5790) 
thrown [s\src\hotspot\share\interpreter\linkResolver.cpp, line 759]
Event: 6.058 Thread 0x000002834cc7a710 Exception <a 'java/lang/NoSuchMethodError'{0x000000070cee55f8}: 'java.lang.Object java.lang.invoke.DirectMethodHandle$Holder.newInvokeSpecial(java.lang.Object, java.lang.Object, java.lang.Object, int)'> (0x000000070cee55f8) 
thrown [s\src\hotspot\share\interpreter\linkResolver.cpp, line 759]
Event: 6.058 Thread 0x000002834cc7a710 Exception <a 'java/lang/NoSuchMethodError'{0x000000070cee98e0}: 'java.lang.Object java.lang.invoke.DirectMethodHandle$Holder.invokeSpecial(java.lang.Object, java.lang.Object, java.lang.Object, java.lang.Object, int)'> (0x000000070cee98e0) 
thrown [s\src\hotspot\share\interpreter\linkResolver.cpp, line 759]
Event: 6.058 Thread 0x000002834cc7a710 Exception <a 'java/lang/NoSuchMethodError'{0x000000070ceed4a8}: 'java.lang.Object java.lang.invoke.Invokers$Holder.linkToTargetMethod(java.lang.Object, java.lang.Object, int, java.lang.Object)'> (0x000000070ceed4a8) 
thrown [s\src\hotspot\share\interpreter\linkResolver.cpp, line 759]
Event: 6.264 Thread 0x000002834cc7b130 Exception <a 'java/lang/reflect/InvocationTargetException'{0x0000000718e56230}> (0x0000000718e56230) 
thrown [s\src\hotspot\share\runtime\reflection.cpp, line 1121]

VM Operations (20 events):
Event: 5.550 Executing VM operation: G1PauseRemark
Event: 5.552 Executing VM operation: G1PauseRemark done
Event: 5.557 Executing VM operation: G1PauseCleanup
Event: 5.557 Executing VM operation: G1PauseCleanup done
Event: 5.614 Executing VM operation: HandshakeAllThreads
Event: 5.614 Executing VM operation: HandshakeAllThreads done
Event: 5.619 Executing VM operation: HandshakeAllThreads
Event: 5.620 Executing VM operation: HandshakeAllThreads done
Event: 5.721 Executing VM operation: HandshakeAllThreads
Event: 5.721 Executing VM operation: HandshakeAllThreads done
Event: 5.820 Executing VM operation: HandshakeAllThreads
Event: 5.820 Executing VM operation: HandshakeAllThreads done
Event: 6.066 Executing VM operation: HandshakeAllThreads
Event: 6.066 Executing VM operation: HandshakeAllThreads done
Event: 6.066 Executing VM operation: HandshakeAllThreads
Event: 6.066 Executing VM operation: HandshakeAllThreads done
Event: 6.135 Executing VM operation: G1CollectForAllocation
Event: 6.139 Executing VM operation: G1CollectForAllocation done
Event: 6.168 Executing VM operation: G1CollectForAllocation
Event: 6.171 Executing VM operation: G1CollectForAllocation done

Events (20 events):
Event: 6.214 loading class java/io/StringWriter
Event: 6.214 loading class java/io/StringWriter done
Event: 6.230 loading class javax/naming/RefAddr
Event: 6.231 loading class javax/naming/RefAddr done
Event: 6.231 loading class javax/naming/StringRefAddr
Event: 6.231 loading class javax/naming/StringRefAddr done
Event: 6.247 loading class java/util/concurrent/CompletionStage
Event: 6.247 loading class java/util/concurrent/CompletionStage done
Event: 6.247 loading class java/util/concurrent/CompletableFuture
Event: 6.248 loading class java/util/concurrent/CompletableFuture done
Event: 6.248 loading class java/util/concurrent/CompletableFuture$AltResult
Event: 6.248 loading class java/util/concurrent/CompletableFuture$AltResult done
Event: 6.248 loading class java/util/concurrent/CompletableFuture$Completion
Event: 6.248 loading class java/util/concurrent/CompletableFuture$AsynchronousCompletionTask
Event: 6.248 loading class java/util/concurrent/CompletableFuture$AsynchronousCompletionTask done
Event: 6.248 loading class java/util/concurrent/CompletableFuture$Completion done
Event: 6.261 Thread 0x00000283940ec090 Thread added: 0x00000283940ec090
Event: 6.264 Thread 0x00000283940ec090 Thread exited: 0x00000283940ec090
Event: 6.278 loading class java/util/concurrent/CancellationException
Event: 6.278 loading class java/util/concurrent/CancellationException done


Dynamic libraries:
0x00007ff6709a0000 - 0x00007ff6709ad000 	C:\Users\ThanhPhuc\.jdks\corretto-17.0.8.1\bin\java.exe
0x00007ffa8e890000 - 0x00007ffa8ea87000 	C:\WINDOWS\SYSTEM32\ntdll.dll
0x00007ffa8dd60000 - 0x00007ffa8de1d000 	C:\WINDOWS\System32\KERNEL32.DLL
0x00007ffa8c2b0000 - 0x00007ffa8c5a6000 	C:\WINDOWS\System32\KERNELBASE.dll
0x00007ffa8c1b0000 - 0x00007ffa8c2b0000 	C:\WINDOWS\System32\ucrtbase.dll
0x00007ffa83b60000 - 0x00007ffa83b77000 	C:\Users\ThanhPhuc\.jdks\corretto-17.0.8.1\bin\jli.dll
0x00007ffa83b40000 - 0x00007ffa83b55000 	C:\Users\ThanhPhuc\.jdks\corretto-17.0.8.1\bin\VCRUNTIME140.dll
0x00007ffa8e460000 - 0x00007ffa8e5fe000 	C:\WINDOWS\System32\USER32.dll
0x00007ffa79ca0000 - 0x00007ffa79f3a000 	C:\WINDOWS\WinSxS\amd64_microsoft.windows.common-controls_6595b64144ccf1df_6.0.19041.3570_none_60bb2a3971f3e41a\COMCTL32.dll
0x00007ffa8c740000 - 0x00007ffa8c762000 	C:\WINDOWS\System32\win32u.dll
0x00007ffa8e720000 - 0x00007ffa8e7be000 	C:\WINDOWS\System32\msvcrt.dll
0x00007ffa8dc60000 - 0x00007ffa8dc8c000 	C:\WINDOWS\System32\GDI32.dll
0x00007ffa8c5b0000 - 0x00007ffa8c6ca000 	C:\WINDOWS\System32\gdi32full.dll
0x00007ffa8c850000 - 0x00007ffa8c8ed000 	C:\WINDOWS\System32\msvcp_win.dll
0x00007ffa8e080000 - 0x00007ffa8e0b0000 	C:\WINDOWS\System32\IMM32.DLL
0x00007ffa79970000 - 0x00007ffa79a0b000 	C:\Users\ThanhPhuc\.jdks\corretto-17.0.8.1\bin\msvcp140.dll
0x00007ffa17f70000 - 0x00007ffa18b8d000 	C:\Users\ThanhPhuc\.jdks\corretto-17.0.8.1\bin\server\jvm.dll
0x00007ffa8c8f0000 - 0x00007ffa8c99e000 	C:\WINDOWS\System32\ADVAPI32.dll
0x00007ffa8dfe0000 - 0x00007ffa8e07c000 	C:\WINDOWS\System32\sechost.dll
0x00007ffa8ce30000 - 0x00007ffa8cf56000 	C:\WINDOWS\System32\RPCRT4.dll
0x00007ffa8bd20000 - 0x00007ffa8bd6b000 	C:\WINDOWS\SYSTEM32\POWRPROF.dll
0x00007ffa80940000 - 0x00007ffa80967000 	C:\WINDOWS\SYSTEM32\WINMM.dll
0x00007ffa84000000 - 0x00007ffa8400a000 	C:\WINDOWS\SYSTEM32\VERSION.dll
0x00007ffa65e50000 - 0x00007ffa65e59000 	C:\WINDOWS\SYSTEM32\WSOCK32.dll
0x00007ffa8e600000 - 0x00007ffa8e66b000 	C:\WINDOWS\System32\WS2_32.dll
0x00007ffa8bd00000 - 0x00007ffa8bd12000 	C:\WINDOWS\SYSTEM32\UMPDC.dll
0x00007ffa8a760000 - 0x00007ffa8a772000 	C:\WINDOWS\SYSTEM32\kernel.appcore.dll
0x00007ffa847d0000 - 0x00007ffa847da000 	C:\Users\ThanhPhuc\.jdks\corretto-17.0.8.1\bin\jimage.dll
0x00007ffa89db0000 - 0x00007ffa89f94000 	C:\WINDOWS\SYSTEM32\DBGHELP.DLL
0x00007ffa74fd0000 - 0x00007ffa75004000 	C:\WINDOWS\SYSTEM32\dbgcore.DLL
0x00007ffa8bf70000 - 0x00007ffa8bff2000 	C:\WINDOWS\System32\bcryptPrimitives.dll
0x00007ffa87690000 - 0x00007ffa8769e000 	C:\Users\ThanhPhuc\.jdks\corretto-17.0.8.1\bin\instrument.dll
0x00007ffa7ac90000 - 0x00007ffa7acb5000 	C:\Users\ThanhPhuc\.jdks\corretto-17.0.8.1\bin\java.dll
0x00007ffa51cc0000 - 0x00007ffa51d96000 	C:\Users\ThanhPhuc\.jdks\corretto-17.0.8.1\bin\jsvml.dll
0x00007ffa8d500000 - 0x00007ffa8dc44000 	C:\WINDOWS\System32\SHELL32.dll
0x00007ffa89fb0000 - 0x00007ffa8a74b000 	C:\WINDOWS\SYSTEM32\windows.storage.dll
0x00007ffa8cad0000 - 0x00007ffa8ce24000 	C:\WINDOWS\System32\combase.dll
0x00007ffa8b940000 - 0x00007ffa8b96d000 	C:\WINDOWS\SYSTEM32\Wldp.dll
0x00007ffa8e670000 - 0x00007ffa8e71d000 	C:\WINDOWS\System32\SHCORE.dll
0x00007ffa8de20000 - 0x00007ffa8de75000 	C:\WINDOWS\System32\shlwapi.dll
0x00007ffa8bea0000 - 0x00007ffa8bec5000 	C:\WINDOWS\SYSTEM32\profapi.dll
0x00007ffa79950000 - 0x00007ffa79968000 	C:\Users\ThanhPhuc\.jdks\corretto-17.0.8.1\bin\zip.dll
0x00007ffa83b20000 - 0x00007ffa83b39000 	C:\Users\ThanhPhuc\.jdks\corretto-17.0.8.1\bin\net.dll
0x00007ffa84200000 - 0x00007ffa8430a000 	C:\WINDOWS\SYSTEM32\WINHTTP.dll
0x00007ffa8b640000 - 0x00007ffa8b6aa000 	C:\WINDOWS\system32\mswsock.dll
0x00007ffa7afe0000 - 0x00007ffa7aff5000 	C:\Users\ThanhPhuc\.jdks\corretto-17.0.8.1\bin\nio.dll
0x00007ffa85fe0000 - 0x00007ffa85ffa000 	C:\Program Files\JetBrains\IntelliJ IDEA 2023.2.2\bin\breakgen64.dll
0x00007ffa8b370000 - 0x00007ffa8b43a000 	C:\WINDOWS\SYSTEM32\DNSAPI.dll
0x00007ffa8b310000 - 0x00007ffa8b34b000 	C:\WINDOWS\SYSTEM32\IPHLPAPI.DLL
0x00007ffa8cac0000 - 0x00007ffa8cac8000 	C:\WINDOWS\System32\NSI.dll
0x000000006fcb0000 - 0x000000006fcd6000 	C:\Program Files\Bonjour\mdnsNSP.dll
0x00007ffa84ac0000 - 0x00007ffa84aca000 	C:\Windows\System32\rasadhlp.dll
0x00007ffa7e1a0000 - 0x00007ffa7e222000 	C:\WINDOWS\System32\fwpuclnt.dll
0x00007ffa8c770000 - 0x00007ffa8c797000 	C:\WINDOWS\System32\bcrypt.dll
0x00007ffa85d10000 - 0x00007ffa85d19000 	C:\Users\ThanhPhuc\.jdks\corretto-17.0.8.1\bin\management.dll
0x00007ffa85c80000 - 0x00007ffa85c8b000 	C:\Users\ThanhPhuc\.jdks\corretto-17.0.8.1\bin\management_ext.dll
0x00007ffa8dc50000 - 0x00007ffa8dc58000 	C:\WINDOWS\System32\PSAPI.DLL
0x00007ffa8b890000 - 0x00007ffa8b8a8000 	C:\WINDOWS\SYSTEM32\CRYPTSP.dll
0x00007ffa8af20000 - 0x00007ffa8af54000 	C:\WINDOWS\system32\rsaenh.dll
0x00007ffa8be60000 - 0x00007ffa8be8e000 	C:\WINDOWS\SYSTEM32\USERENV.dll
0x00007ffa8b8b0000 - 0x00007ffa8b8bc000 	C:\WINDOWS\SYSTEM32\CRYPTBASE.dll
0x00007ffa84010000 - 0x00007ffa84027000 	C:\WINDOWS\SYSTEM32\dhcpcsvc6.DLL
0x00007ffa846f0000 - 0x00007ffa8470d000 	C:\WINDOWS\SYSTEM32\dhcpcsvc.DLL
0x00007ffa64640000 - 0x00007ffa64657000 	C:\WINDOWS\system32\napinsp.dll
0x00007ffa64600000 - 0x00007ffa6461b000 	C:\WINDOWS\system32\pnrpnsp.dll
0x00007ffa86b00000 - 0x00007ffa86b15000 	C:\WINDOWS\system32\wshbth.dll
0x00007ffa875e0000 - 0x00007ffa875fd000 	C:\WINDOWS\system32\NLAapi.dll
0x00007ffa62cf0000 - 0x00007ffa62d02000 	C:\WINDOWS\System32\winrnr.dll
0x00007ffa7ac80000 - 0x00007ffa7ac90000 	C:\Users\ThanhPhuc\.jdks\corretto-17.0.8.1\bin\verify.dll
0x00007ffa85c70000 - 0x00007ffa85c7e000 	C:\Users\ThanhPhuc\.jdks\corretto-17.0.8.1\bin\sunmscapi.dll
0x00007ffa8c050000 - 0x00007ffa8c1ad000 	C:\WINDOWS\System32\CRYPT32.dll
0x00007ffa8b9b0000 - 0x00007ffa8b9d7000 	C:\WINDOWS\SYSTEM32\ncrypt.dll
0x00007ffa8b970000 - 0x00007ffa8b9ab000 	C:\WINDOWS\SYSTEM32\NTASN1.dll

dbghelp: loaded successfully - version: 4.0.5 - missing functions: none
symbol engine: initialized successfully - sym options: 0x614 - pdb path: .;C:\Users\ThanhPhuc\.jdks\corretto-17.0.8.1\bin;C:\WINDOWS\SYSTEM32;C:\WINDOWS\WinSxS\amd64_microsoft.windows.common-controls_6595b64144ccf1df_6.0.19041.3570_none_60bb2a3971f3e41a;C:\Users\ThanhPhuc\.jdks\corretto-17.0.8.1\bin\server;C:\Program Files\JetBrains\IntelliJ IDEA 2023.2.2\bin;C:\Program Files\Bonjour

VM Arguments:
jvm_args: -XX:TieredStopAtLevel=1 -Dspring.output.ansi.enabled=always -Dcom.sun.management.jmxremote -Dspring.jmx.enabled=true -Dspring.liveBeansView.mbeanDomain -Dspring.application.admin.enabled=true -Dmanagement.endpoints.jmx.exposure.include=* -javaagent:C:\Program Files\JetBrains\IntelliJ IDEA 2023.2.2\lib\idea_rt.jar=49406:C:\Program Files\JetBrains\IntelliJ IDEA 2023.2.2\bin -Dfile.encoding=UTF-8 
java_command: com.poly.elnr.ErrorLikeNoErrorWebsiteBanQuanAoApplication
java_class_path (initial): D:\tinh\DuAnTotNghiep_WebBanQuanAo\target\classes;C:\Users\ThanhPhuc\.m2\repository\org\springframework\boot\spring-boot-starter-thymeleaf\3.0.1\spring-boot-starter-thymeleaf-3.0.1.jar;C:\Users\ThanhPhuc\.m2\repository\org\springframework\boot\spring-boot-starter\3.0.1\spring-boot-starter-3.0.1.jar;C:\Users\ThanhPhuc\.m2\repository\org\springframework\boot\spring-boot-starter-logging\3.0.1\spring-boot-starter-logging-3.0.1.jar;C:\Users\ThanhPhuc\.m2\repository\ch\qos\logback\logback-classic\1.4.5\logback-classic-1.4.5.jar;C:\Users\ThanhPhuc\.m2\repository\ch\qos\logback\logback-core\1.4.5\logback-core-1.4.5.jar;C:\Users\ThanhPhuc\.m2\repository\org\apache\logging\log4j\log4j-to-slf4j\2.19.0\log4j-to-slf4j-2.19.0.jar;C:\Users\ThanhPhuc\.m2\repository\org\apache\logging\log4j\log4j-api\2.19.0\log4j-api-2.19.0.jar;C:\Users\ThanhPhuc\.m2\repository\org\slf4j\jul-to-slf4j\2.0.6\jul-to-slf4j-2.0.6.jar;C:\Users\ThanhPhuc\.m2\repository\org\yaml\snakeyaml\1.33\snakeyaml-1.33.jar;C:\Users\ThanhPhuc\.m2\repository\org\thymeleaf\thymeleaf-spring6\3.1.1.RELEASE\thymeleaf-spring6-3.1.1.RELEASE.jar;C:\Users\ThanhPhuc\.m2\repository\org\thymeleaf\thymeleaf\3.1.1.RELEASE\thymeleaf-3.1.1.RELEASE.jar;C:\Users\ThanhPhuc\.m2\repository\org\attoparser\attoparser\2.0.6.RELEASE\attoparser-2.0.6.RELEASE.jar;C:\Users\ThanhPhuc\.m2\repository\org\unbescape\unbescape\1.1.6.RELEASE\unbescape-1.1.6.RELEASE.jar;C:\Users\ThanhPhuc\.m2\repository\org\springframework\boot\spring-boot-starter-data-jpa\3.0.1\spring-boot-starter-data-jpa-3.0.1.jar;C:\Users\ThanhPhuc\.m2\repository\org\springframework\boot\spring-boot-starter-aop\3.0.1\spring-boot-starter-aop-3.0.1.jar;C:\Users\ThanhPhuc\.m2\repository\org\aspectj\aspectjweaver\1.9.19\aspectjweaver-1.9.19.jar;C:\Users\ThanhPhuc\.m2\repository\org\springframework\boot\spring-boot-starter-jdbc\3.0.1\spring-boot-starter-jdbc-3.0.1.jar;C:\Users\ThanhPhuc\.m2\repository\com\zaxxer\HikariCP\5.0.1\HikariCP-5.0.1.jar;C:\Users\Thanh
Launcher Type: SUN_STANDARD

[Global flags]
     intx CICompilerCount                          = 4                                         {product} {ergonomic}
     uint ConcGCThreads                            = 3                                         {product} {ergonomic}
     uint G1ConcRefinementThreads                  = 10                                        {product} {ergonomic}
   size_t G1HeapRegionSize                         = 2097152                                   {product} {ergonomic}
    uintx GCDrainStackTargetSize                   = 64                                        {product} {ergonomic}
   size_t InitialHeapSize                          = 257949696                                 {product} {ergonomic}
     bool ManagementServer                         = true                                      {product} {command line}
   size_t MarkStackSize                            = 4194304                                   {product} {ergonomic}
   size_t MaxHeapSize                              = 4118806528                                {product} {ergonomic}
   size_t MaxNewSize                               = 2470445056                                {product} {ergonomic}
   size_t MinHeapDeltaBytes                        = 2097152                                   {product} {ergonomic}
   size_t MinHeapSize                              = 8388608                                   {product} {ergonomic}
    uintx NonProfiledCodeHeapSize                  = 0                                      {pd product} {ergonomic}
     bool ProfileInterpreter                       = false                                  {pd product} {command line}
    uintx ProfiledCodeHeapSize                     = 0                                      {pd product} {ergonomic}
   size_t SoftMaxHeapSize                          = 4118806528                             {manageable} {ergonomic}
     intx TieredStopAtLevel                        = 1                                         {product} {command line}
     bool UseCompressedClassPointers               = true                           {product lp64_product} {ergonomic}
     bool UseCompressedOops                        = true                           {product lp64_product} {ergonomic}
     bool UseG1GC                                  = true                                      {product} {ergonomic}
     bool UseLargePagesIndividualAllocation        = false                                  {pd product} {ergonomic}

Logging:
Log output configuration:
 #0: stdout all=warning uptime,level,tags
 #1: stderr all=off uptime,level,tags

Environment Variables:
JAVA_HOME=C:\Program Files\Java\jdk-17
PATH=C:\oraclexe\app\oracle\product\11.2.0\server\bin;C:\Program Files\Common Files\Oracle\Java\javapath;C:\Windows\system32;C:\Windows;C:\Windows\System32\Wbem;C:\Windows\System32\WindowsPowerShell\v1.0\;C:\Windows\System32\OpenSSH\;C:\Program Files\NVIDIA Corporation\NVIDIA NvDLISR;C:\WINDOWS\system32;C:\WINDOWS;C:\WINDOWS\System32\Wbem;C:\WINDOWS\System32\WindowsPowerShell\v1.0\;C:\WINDOWS\System32\OpenSSH\;C:\Program Files\Microsoft SQL Server\Client SDK\ODBC\170\Tools\Binn\;C:\Program Files (x86)\Microsoft SQL Server\150\Tools\Binn\;C:\Program Files\Microsoft SQL Server\150\Tools\Binn\;C:\Program Files\Microsoft SQL Server\150\DTS\Binn\;C:\Program Files (x86)\Microsoft SQL Server\160\DTS\Binn\;C:\Program Files\Git\cmd;C:\Program Files\Cloudflare\Cloudflare WARP\;C:\Users\ThanhPhuc\AppData\Roaming\nvm;C:\Program Files\nodejs;C:\Program Files\Docker\Docker\resources\bin;C:\Users\ThanhPhuc\AppData\Local\Microsoft\WindowsApps;C:\Program Files\Azure Data Studio\bin;C:\Users\ThanhPhuc\AppData\Roaming\npm;C:\Program Files\JetBrains\IntelliJ IDEA Community Edition 2023.1.2\bin;;C:\Users\ThanhPhuc\AppData\Roaming\nvm;C:\Program Files\nodejs;C:\Users\ThanhPhuc\AppData\Local\Programs\Microsoft VS Code\bin
USERNAME=ThanhPhuc
OS=Windows_NT
PROCESSOR_IDENTIFIER=AMD64 Family 23 Model 104 Stepping 1, AuthenticAMD
TMP=C:\Users\THANHP~1\AppData\Local\Temp
TEMP=C:\Users\THANHP~1\AppData\Local\Temp



---------------  S Y S T E M  ---------------

OS:
 Windows 10 , 64 bit Build 19041 (10.0.19041.3570)
OS uptime: 1 days 20:03 hours
Hyper-V role detected

CPU: total 12 (initial active 12) (12 cores per cpu, 2 threads per core) family 23 model 104 stepping 1 microcode 0x0, cx8, cmov, fxsr, ht, mmx, 3dnowpref, sse, sse2, sse3, ssse3, sse4a, sse4.1, sse4.2, popcnt, lzcnt, tsc, tscinvbit, avx, avx2, aes, clmul, bmi1, bmi2, adx, sha, fma, vzeroupper, clflush, clflushopt, hv
Processor Information for all 12 processors :
  Max Mhz: 2100, Current Mhz: 2100, Mhz Limit: 2100

Memory: 4k page, system-wide physical 15706M (579M free)
TotalPageFile size 28117M (AvailPageFile size 3M)
current process WorkingSet (physical memory assigned to process): 180M, peak: 180M
current process commit charge ("private bytes"): 321M, peak: 377M

vm_info: OpenJDK 64-Bit Server VM (17.0.8.1+8-LTS) for windows-amd64 JRE (17.0.8.1+8-LTS), built on Aug 19 2023 03:47:39 by "Administrator" with MS VC++ 15.9 (VS2017)

END.
